<?xml version="1.0" encoding="UTF-8"?>
<!-- Generated by org.testng.reporters.JUnitReportReporter -->
<testsuite hostname="KAAVINIYAA" failures="0" tests="1" name="com.test.register" time="11.523" errors="0" timestamp="2024-05-04T14:03:12 IST" skipped="0">
  <testcase classname="com.test.register" name="register_001" time="11.523"/>
</testsuite> <!-- com.test.register -->
